LePlayerSdk/build/outputs/logs/manifest-merger-debug-report.txt
-- Merging decision tree log ---
manifest
ADDED from LePlayerSdk\AndroidManifest.xml:2:1-16:12
INJECTED from LePlayerSdk\AndroidManifest.xml:2:1-16:12
INJECTED from LePlayerSdk\AndroidManifest.xml:2:1-16:12
INJECTED from LePlayerSdk\AndroidManifest.xml:2:1-16:12
INJECTED from LePlayerSdk\AndroidManifest.xml:2:1-16:12
INJECTED from LePlayerSdk\AndroidManifest.xml:2:1-16:12
INJECTED from LePlayerSdk\AndroidManifest.xml:2:1-16:12
	package
		ADDED from LePlayerSdk\AndroidManifest.xml:4:5-43
		INJECTED from LePlayerSdk\AndroidManifest.xml
		INJECTED from LePlayerSdk\AndroidManifest.xml
	android:versionName
		ADDED from LePlayerSdk\AndroidManifest.xml:6:5-30
		INJECTED from LePlayerSdk\AndroidManifest.xml
		INJECTED from LePlayerSdk\AndroidManifest.xml
	xmlns:tools
		ADDED from LePlayerSdk\AndroidManifest.xml:3:5-51
	xmlns:android
		ADDED from LePlayerSdk\AndroidManifest.xml:2:11-69
	android:versionCode
		ADDED from LePlayerSdk\AndroidManifest.xml:5:5-28
		INJECTED from LePlayerSdk\AndroidManifest.xml
		INJECTED from LePlayerSdk\AndroidManifest.xml
uses-sdk
ADDED from LePlayerSdk\AndroidManifest.xml:8:5-9:8
	tools:overrideLibrary
		ADDED from LePlayerSdk\AndroidManifest.xml:8:15-111
uses-permission#android.permission.ACCESS_WIFI_STATE
ADDED from LePlayerSdk\AndroidManifest.xml:11:5-76
	android:name
		ADDED from LePlayerSdk\AndroidManifest.xml:11:22-73
uses-permission#android.permission.INTERNET
ADDED from LePlayerSdk\AndroidManifest.xml:12:5-67
	android:name
		ADDED from LePlayerSdk\AndroidManifest.xml:12:22-64
uses-permission#android.permission.WRITE_EXTERNAL_STORAGE
ADDED from LePlayerSdk\AndroidManifest.xml:13:5-81
	android:name
		ADDED from LePlayerSdk\AndroidManifest.xml:13:22-78
uses-permission#android.permission.MODIFY_AUDIO_SETTINGS
ADDED from LePlayerSdk\AndroidManifest.xml:14:5-80
	android:name
		ADDED from LePlayerSdk\AndroidManifest.xml:14:22-77